c:\windhawk\appdata\engine\modswritable\mod-status\5564_134054018222401255_39340_explorer-details-better-file-sizes
c:\users\shadowevil\source\helbreath_dev\helbreathserver\sources\client\debug\vc143.pdb
c:\users\shadowevil\source\helbreath_dev\helbreathserver\sources\client\debug\vc143.idb
c:\users\shadowevil\source\helbreath_dev\helbreathserver\sources\client\debug\sprite.obj
c:\users\shadowevil\source\helbreath_dev\helbreathserver\sources\client\debug\soundbuffer.obj
c:\users\shadowevil\source\helbreath_dev\helbreathserver\sources\client\debug\skill.obj
c:\users\shadowevil\source\helbreath_dev\helbreathserver\sources\client\debug\mydib.obj
c:\users\shadowevil\source\helbreath_dev\helbreathserver\sources\client\debug\msg.obj
c:\users\shadowevil\source\helbreath_dev\helbreathserver\sources\client\debug\mouseinterface.obj
c:\users\shadowevil\source\helbreath_dev\helbreathserver\sources\client\debug\mobcounter.obj
c:\users\shadowevil\source\helbreath_dev\helbreathserver\sources\client\debug\misc.obj
c:\users\shadowevil\source\helbreath_dev\helbreathserver\sources\client\debug\mapdata.obj
c:\users\shadowevil\source\helbreath_dev\helbreathserver\sources\client\debug\magic.obj
c:\users\shadowevil\source\helbreath_dev\helbreathserver\sources\client\debug\itemname.obj
c:\users\shadowevil\source\helbreath_dev\helbreathserver\sources\client\debug\item.obj
c:\users\shadowevil\source\helbreath_dev\helbreathserver\sources\client\debug\gamemonitor.obj
c:\users\shadowevil\source\helbreath_dev\helbreathserver\sources\client\debug\game.obj
c:\users\shadowevil\source\helbreath_dev\helbreathserver\sources\client\debug\effect.obj
c:\users\shadowevil\source\helbreath_dev\helbreathserver\sources\client\debug\dxc_dinput.obj
c:\users\shadowevil\source\helbreath_dev\helbreathserver\sources\client\debug\dxc_ddraw.obj
c:\users\shadowevil\source\helbreath_dev\helbreathserver\sources\client\debug\curse.obj
c:\users\shadowevil\source\helbreath_dev\helbreathserver\sources\client\debug\charinfo.obj
c:\users\shadowevil\source\helbreath_dev\helbreathserver\sources\client\debug\builditem.obj
c:\users\shadowevil\source\helbreath_dev\helbreathserver\sources\client\debug\ywsound.obj
c:\users\shadowevil\source\helbreath_dev\helbreathserver\sources\client\debug\xsocket.obj
c:\users\shadowevil\source\helbreath_dev\helbreathserver\sources\client\debug\wmain.obj
c:\users\shadowevil\source\helbreath_dev\helbreathserver\sources\client\debug\tilespr.obj
c:\users\shadowevil\source\helbreath_dev\helbreathserver\sources\client\debug\tile.obj
c:\users\shadowevil\source\helbreath_dev\helbreathserver\sources\client\debug\strtok.obj
c:\windhawk\appdata\engine\modswritable\mod-status\5564_134054018222401255_9024_explorer-details-better-file-sizes
c:\windhawk\appdata\engine\modswritable\mod-status\5564_134054018222401255_36860_explorer-details-better-file-sizes
c:\windhawk\appdata\engine\modswritable\mod-status\5564_134054018222401255_34312_explorer-details-better-file-sizes
c:\users\shadowevil\source\helbreath_dev\helbreathserver\debug\client.exe
c:\users\shadowevil\source\helbreath_dev\helbreathserver\debug\client.pdb
c:\users\shadowevil\source\helbreath_dev\helbreathserver\sources\client\debug\client.ilk
c:\users\shadowevil\source\helbreath_dev\helbreathserver\sources\client\debug\client.tlog\cl.command.1.tlog
c:\users\shadowevil\source\helbreath_dev\helbreathserver\sources\client\debug\client.tlog\cl.items.tlog
c:\users\shadowevil\source\helbreath_dev\helbreathserver\sources\client\debug\client.tlog\cl.read.1.tlog
c:\users\shadowevil\source\helbreath_dev\helbreathserver\sources\client\debug\client.tlog\cl.write.1.tlog
c:\users\shadowevil\source\helbreath_dev\helbreathserver\sources\client\debug\client.tlog\link.command.1.tlog
c:\users\shadowevil\source\helbreath_dev\helbreathserver\sources\client\debug\client.tlog\link.read.1.tlog
c:\users\shadowevil\source\helbreath_dev\helbreathserver\sources\client\debug\client.tlog\link.secondary.1.tlog
c:\users\shadowevil\source\helbreath_dev\helbreathserver\sources\client\debug\client.tlog\link.write.1.tlog
